c:\users\dtrz\desktop\sem6\matrix - complete\matrix\debug\vc142.pdb
c:\users\dtrz\desktop\sem6\matrix - complete\matrix\debug\vc142.idb
c:\users\dtrz\desktop\sem6\matrix - complete\matrix\debug\utility.obj
c:\users\dtrz\desktop\sem6\matrix - complete\matrix\debug\rational.obj
c:\users\dtrz\desktop\sem6\matrix - complete\matrix\debug\matrix.obj
c:\users\dtrz\desktop\sem6\matrix - complete\matrix\debug\main.obj
c:\users\dtrz\desktop\sem6\matrix - complete\matrix\debug\rational.obj.enc
c:\users\dtrz\desktop\sem6\matrix - complete\debug\matrix.pdb
c:\users\dtrz\desktop\sem6\matrix - complete\matrix\debug\matrix.tlog\cl.command.1.tlog
c:\users\dtrz\desktop\sem6\matrix - complete\matrix\debug\matrix.tlog\cl.read.1.tlog
c:\users\dtrz\desktop\sem6\matrix - complete\matrix\debug\matrix.tlog\cl.write.1.tlog
c:\users\dtrz\desktop\sem6\matrix - complete\matrix\debug\matrix.tlog\link.6296-cvtres.read.1.tlog
c:\users\dtrz\desktop\sem6\matrix - complete\matrix\debug\matrix.tlog\link.6296-cvtres.write.1.tlog
c:\users\dtrz\desktop\sem6\matrix - complete\matrix\debug\matrix.tlog\link.6296-rc.read.1.tlog
c:\users\dtrz\desktop\sem6\matrix - complete\matrix\debug\matrix.tlog\link.6296-rc.write.1.tlog
c:\users\dtrz\desktop\sem6\matrix - complete\matrix\debug\matrix.tlog\link.6296.read.1.tlog
c:\users\dtrz\desktop\sem6\matrix - complete\matrix\debug\matrix.tlog\link.6296.write.1.tlog
c:\users\dtrz\desktop\sem6\matrix - complete\matrix\debug\matrix.tlog\link.command.1.tlog
c:\users\dtrz\desktop\sem6\matrix - complete\matrix\debug\matrix.tlog\link.read.1.tlog
c:\users\dtrz\desktop\sem6\matrix - complete\matrix\debug\matrix.tlog\link.write.1.tlog
